<?xml version="1.0" encoding="UTF-8"?>
<!-- Generated by org.testng.reporters.JUnitXMLReporter -->
<testsuite hostname="DESKTOP-E4K1GGV" ignored="0" name="Gmail Login Test" tests="4" failures="0" timestamp="05 Nov 2019 09:23:59 GMT" time="99.771" errors="0">
  <testcase name="loginDDT" time="34.195" classname="com.gmail.testCases.TC_GmailLoginTestDDT_002"/>
  <testcase name="loginDDT" time="3.832" classname="com.gmail.testCases.TC_GmailLoginTestDDT_002"/>
  <testcase name="loginDDT" time="46.056" classname="com.gmail.testCases.TC_GmailLoginTestDDT_002"/>
  <testcase name="loginDDT" time="3.606" classname="com.gmail.testCases.TC_GmailLoginTestDDT_002"/>
</testsuite> <!-- Gmail Login Test -->
