<?xml version="1.0" encoding="UTF-8"?>
<!-- Generated by org.testng.reporters.JUnitXMLReporter -->
<testsuite hostname="DESKTOP-E4K1GGV" ignored="0" name="Gmail Login Testing" tests="4" failures="0" timestamp="04 Nov 2019 18:45:34 GMT" time="80.993" errors="0">
  <testcase name="loginDDT" time="31.968" classname="com.gmail.testCases.TC_GmailLoginTestDDT_002"/>
  <testcase name="loginDDT" time="3.752" classname="com.gmail.testCases.TC_GmailLoginTestDDT_002"/>
  <testcase name="loginDDT" time="30.563" classname="com.gmail.testCases.TC_GmailLoginTestDDT_002"/>
  <testcase name="loginDDT" time="3.533" classname="com.gmail.testCases.TC_GmailLoginTestDDT_002"/>
</testsuite> <!-- Gmail Login Testing -->
