<?xml version="1.0" encoding="UTF-8"?>
<!-- Generated by org.testng.reporters.JUnitXMLReporter -->
<testsuite hostname="DESKTOP-E4K1GGV" ignored="0" name="Login to Gmail" tests="4" failures="0" timestamp="05 Nov 2019 18:34:04 GMT" time="166.409" errors="0">
  <testcase name="loginDDT" time="63.373" classname="com.gmail.testCases.TC_GmailLoginTestDDT_002"/>
  <testcase name="loginDDT" time="3.799" classname="com.gmail.testCases.TC_GmailLoginTestDDT_002"/>
  <testcase name="loginDDT" time="82.664" classname="com.gmail.testCases.TC_GmailLoginTestDDT_002"/>
  <testcase name="loginDDT" time="3.581" classname="com.gmail.testCases.TC_GmailLoginTestDDT_002"/>
</testsuite> <!-- Login to Gmail -->
