<?xml version="1.0" encoding="UTF-8"?>
<testng-results skipped="0" failed="0" ignored="0" total="6" passed="6">
  <reporter-output>
  </reporter-output>
  <suite name="Gmail Suite" duration-ms="252473" started-at="2019-11-05T18:31:17Z" finished-at="2019-11-05T18:35:30Z">
    <groups>
    </groups>
    <test name="Login to Gmail" duration-ms="166409" started-at="2019-11-05T18:31:17Z" finished-at="2019-11-05T18:34:04Z">
      <class name="com.gmail.testCases.TC_GmailLoginTestDDT_002">
        <test-method status="PASS" signature="setup(java.lang.String)[pri:0, instance:com.gmail.testCases.TC_GmailLoginTestDDT_002@3abbfa04]" name="setup" is-config="true" duration-ms="8964" started-at="2019-11-05T18:31:17Z" finished-at="2019-11-05T18:31:26Z">
          <params>
            <param index="0">
              <value>
                <![CDATA[chrome]]>
              </value>
            </param>
          </params>
          <reporter-output>
          </reporter-output>
        </test-method> <!-- setup -->
        <test-method status="PASS" signature="loginDDT(java.lang.String, java.lang.String)[pri:0, instance:com.gmail.testCases.TC_GmailLoginTestDDT_002@3abbfa04]" name="loginDDT" duration-ms="63373" started-at="2019-11-05T18:31:28Z" data-provider="LoginData" finished-at="2019-11-05T18:32:31Z">
          <params>
            <param index="0">
              <value>
                <![CDATA[srikant.automation]]>
              </value>
            </param>
            <param index="1">
              <value>
                <![CDATA[Srikant143@]]>
              </value>
            </param>
          </params>
          <reporter-output>
          </reporter-output>
        </test-method> <!-- loginDDT -->
        <test-method status="PASS" signature="loginDDT(java.lang.String, java.lang.String)[pri:0, instance:com.gmail.testCases.TC_GmailLoginTestDDT_002@3abbfa04]" name="loginDDT" duration-ms="3799" started-at="2019-11-05T18:32:31Z" data-provider="LoginData" finished-at="2019-11-05T18:32:35Z">
          <params>
            <param index="0">
              <value>
                <![CDATA[abc]]>
              </value>
            </param>
            <param index="1">
              <value>
                <![CDATA[abc123]]>
              </value>
            </param>
          </params>
          <reporter-output>
          </reporter-output>
        </test-method> <!-- loginDDT -->
        <test-method status="PASS" signature="loginDDT(java.lang.String, java.lang.String)[pri:0, instance:com.gmail.testCases.TC_GmailLoginTestDDT_002@3abbfa04]" name="loginDDT" duration-ms="82664" started-at="2019-11-05T18:32:35Z" data-provider="LoginData" finished-at="2019-11-05T18:33:58Z">
          <params>
            <param index="0">
              <value>
                <![CDATA[msrikant.career]]>
              </value>
            </param>
            <param index="1">
              <value>
                <![CDATA[Srikant039@]]>
              </value>
            </param>
          </params>
          <reporter-output>
          </reporter-output>
        </test-method> <!-- loginDDT -->
        <test-method status="PASS" signature="loginDDT(java.lang.String, java.lang.String)[pri:0, instance:com.gmail.testCases.TC_GmailLoginTestDDT_002@3abbfa04]" name="loginDDT" duration-ms="3581" started-at="2019-11-05T18:33:58Z" data-provider="LoginData" finished-at="2019-11-05T18:34:01Z">
          <params>
            <param index="0">
              <value>
                <![CDATA[xyz]]>
              </value>
            </param>
            <param index="1">
              <value>
                <![CDATA[xyz123]]>
              </value>
            </param>
          </params>
          <reporter-output>
          </reporter-output>
        </test-method> <!-- loginDDT -->
        <test-method status="PASS" signature="tearDown()[pri:0, instance:com.gmail.testCases.TC_GmailLoginTestDDT_002@3abbfa04]" name="tearDown" is-config="true" duration-ms="2459" started-at="2019-11-05T18:34:01Z" finished-at="2019-11-05T18:34:04Z">
          <reporter-output>
          </reporter-output>
        </test-method> <!-- tearDown -->
      </class> <!-- com.gmail.testCases.TC_GmailLoginTestDDT_002 -->
    </test> <!-- Login to Gmail -->
    <test name="Gmail Login Test Parameterization" duration-ms="20087" started-at="2019-11-05T18:34:04Z" finished-at="2019-11-05T18:34:24Z">
      <class name="com.gmail.testCases.TC_GmailLoginTestParameterization_003">
        <test-method status="PASS" signature="setup(java.lang.String)[pri:0, instance:com.gmail.testCases.TC_GmailLoginTestParameterization_003@25bbe1b6]" name="setup" is-config="true" duration-ms="16626" started-at="2019-11-05T18:34:04Z" finished-at="2019-11-05T18:34:21Z">
          <params>
            <param index="0">
              <value>
                <![CDATA[chrome]]>
              </value>
            </param>
          </params>
          <reporter-output>
          </reporter-output>
        </test-method> <!-- setup -->
        <test-method status="PASS" signature="loginDDT(java.lang.String, java.lang.String)[pri:0, instance:com.gmail.testCases.TC_GmailLoginTestParameterization_003@25bbe1b6]" name="loginDDT" duration-ms="2343" started-at="2019-11-05T18:34:21Z" finished-at="2019-11-05T18:34:23Z">
          <params>
            <param index="0">
              <value>
                <![CDATA[abcd]]>
              </value>
            </param>
            <param index="1">
              <value>
                <![CDATA[Srikant143@]]>
              </value>
            </param>
          </params>
          <reporter-output>
          </reporter-output>
        </test-method> <!-- loginDDT -->
        <test-method status="PASS" signature="tearDown()[pri:0, instance:com.gmail.testCases.TC_GmailLoginTestParameterization_003@25bbe1b6]" name="tearDown" is-config="true" duration-ms="1114" started-at="2019-11-05T18:34:23Z" finished-at="2019-11-05T18:34:24Z">
          <reporter-output>
          </reporter-output>
        </test-method> <!-- tearDown -->
      </class> <!-- com.gmail.testCases.TC_GmailLoginTestParameterization_003 -->
    </test> <!-- Gmail Login Test Parameterization -->
    <test name="Gmail Login Test DDT" duration-ms="65744" started-at="2019-11-05T18:34:24Z" finished-at="2019-11-05T18:35:30Z">
      <class name="com.gmail.testCases.TC_GmailLoginTest_001">
        <test-method status="PASS" signature="setUpSuite()[pri:0, instance:com.gmail.testCases.TC_GmailLoginTest_001@5649fd9b]" name="setUpSuite" is-config="true" duration-ms="406" started-at="2019-11-05T18:31:17Z" finished-at="2019-11-05T18:31:17Z">
          <reporter-output>
          </reporter-output>
        </test-method> <!-- setUpSuite -->
        <test-method status="PASS" signature="setup(java.lang.String)[pri:0, instance:com.gmail.testCases.TC_GmailLoginTest_001@5649fd9b]" name="setup" is-config="true" duration-ms="8843" started-at="2019-11-05T18:34:24Z" finished-at="2019-11-05T18:34:33Z">
          <params>
            <param index="0">
              <value>
                <![CDATA[chrome]]>
              </value>
            </param>
          </params>
          <reporter-output>
          </reporter-output>
        </test-method> <!-- setup -->
        <test-method status="PASS" signature="LoginTest()[pri:0, instance:com.gmail.testCases.TC_GmailLoginTest_001@5649fd9b]" name="LoginTest" duration-ms="55876" started-at="2019-11-05T18:34:33Z" finished-at="2019-11-05T18:35:29Z">
          <reporter-output>
          </reporter-output>
        </test-method> <!-- LoginTest -->
        <test-method status="PASS" signature="tearDown()[pri:0, instance:com.gmail.testCases.TC_GmailLoginTest_001@5649fd9b]" name="tearDown" is-config="true" duration-ms="1020" started-at="2019-11-05T18:35:29Z" finished-at="2019-11-05T18:35:30Z">
          <reporter-output>
          </reporter-output>
        </test-method> <!-- tearDown -->
      </class> <!-- com.gmail.testCases.TC_GmailLoginTest_001 -->
    </test> <!-- Gmail Login Test DDT -->
  </suite> <!-- Gmail Suite -->
</testng-results>
